#
# There is insufficient memory for the Java Runtime Environment to continue.
# Native memory allocation (malloc) failed to allocate 1048576 bytes for AllocateHeap
# Possible reasons:
#   The system is out of physical RAM or swap space
#   The process is running with CompressedOops enabled, and the Java Heap may be blocking the growth of the native heap
# Possible solutions:
#   Reduce memory load on the system
#   Increase physical memory or swap space
#   Check if swap backing store is full
#   Decrease Java heap size (-Xmx/-Xms)
#   Decrease number of Java threads
#   Decrease Java thread stack sizes (-Xss)
#   Set larger code cache with -XX:ReservedCodeCacheSize=
#   JVM is running with Unscaled Compressed Oops mode in which the Java heap is
#     placed in the first 4GB address space. The Java Heap base address is the
#     maximum limit for the native heap growth. Please use -XX:HeapBaseMinAddress
#     to set the Java Heap base and to place the Java Heap above 4GB virtual address.
# This output file may be truncated or incomplete.
#
#  Out of Memory Error (./src/hotspot/share/memory/allocation.cpp:46), pid=7788, tid=2524
#
# JRE version: OpenJDK Runtime Environment (11.0.10) (build 11.0.10+0-b96-7249189)
# Java VM: OpenJDK 64-Bit Server VM (11.0.10+0-b96-7249189, mixed mode, tiered, compressed oops, g1 gc, windows-amd64)
# No core dump will be written. Minidumps are not enabled by default on client versions of Windows
#

---------------  S U M M A R Y ------------

Command Line: org.jetbrains.kotlin.cli.jvm.K2JVMCompiler @F:\SkuciSe\DodajOglas\SkuciSe\app\build\20211105_9634337020717357931.compiler.options

Host: AMD A8-7410 APU with AMD Radeon R5 Graphics    , 4 cores, 6G,  Windows 10 , 64 bit Build 18362 (10.0.18362.1500)
Time: Fri Nov  5 16:18:19 2021 Central European Standard Time elapsed time: 0.178255 seconds (0d 0h 0m 0s)

---------------  T H R E A D  ---------------

Current thread (0x0000028dfcff1000):  VMThread "VM Thread" [stack: 0x000000fecb000000,0x000000fecb100000] [id=2524]

Stack: [0x000000fecb000000,0x000000fecb100000]
[error occurred during error reporting (printing stack bounds), id 0xc0000005, EXCEPTION_ACCESS_VIOLATION (0xc0000005) at pc=0x0000028d80000f2d]

Native frames: (J=compiled Java code, j=interpreted, Vv=VM code, C=native code)
V  [jvm.dll+0x5ecfaa]
V  [jvm.dll+0x722bd5]
V  [jvm.dll+0x72412d]
V  [jvm.dll+0x724745]
V  [jvm.dll+0x7246fb]
V  [jvm.dll+0x5ec348]
V  [jvm.dll+0x5ecad8]
C  [ntdll.dll+0xa1fff]
C  [ntdll.dll+0x6aad9]
C  [ntdll.dll+0xa0c6e]
C  0x0000028d80000f2d

VM_Operation (0x000000fecb7fed70): CollectForMetadataAllocation, mode: safepoint, requested by thread 0x0000028dfd01f800


---------------  P R O C E S S  ---------------

Threads class SMR info:
_java_thread_list=0x0000028dfd023130, length=9, elements={
0x0000028df0dbe000, 0x0000028dfcff4000, 0x0000028dfcff5000, 0x0000028dfdd83000,
0x0000028dfd013000, 0x0000028dfd014000, 0x0000028dfd01b800, 0x0000028dfd01f800,
0x0000028dfd020800
}

Java Threads: ( => current thread )
  0x0000028df0dbe000 JavaThread "main" [_thread_blocked, id=13264, stack(0x000000fecaa00000,0x000000fecab00000)]
  0x0000028dfcff4000 JavaThread "Reference Handler" daemon [_thread_blocked, id=13412, stack(0x000000fecb100000,0x000000fecb200000)]
  0x0000028dfcff5000 JavaThread "Finalizer" daemon [_thread_blocked, id=11148, stack(0x000000fecb200000,0x000000fecb300000)]
  0x0000028dfdd83000 JavaThread "Signal Dispatcher" daemon [_thread_blocked, id=11468, stack(0x000000fecb300000,0x000000fecb400000)]
  0x0000028dfd013000 JavaThread "Attach Listener" daemon [_thread_blocked, id=336, stack(0x000000fecb400000,0x000000fecb500000)]
  0x0000028dfd014000 JavaThread "Service Thread" daemon [_thread_blocked, id=8476, stack(0x000000fecb500000,0x000000fecb600000)]
  0x0000028dfd01b800 JavaThread "C2 CompilerThread0" daemon [_thread_blocked, id=1120, stack(0x000000fecb600000,0x000000fecb700000)]
  0x0000028dfd01f800 JavaThread "C1 CompilerThread0" daemon [_thread_blocked, id=12256, stack(0x000000fecb700000,0x000000fecb800000)]
  0x0000028dfd020800 JavaThread "Sweeper thread" daemon [_thread_blocked, id=13260, stack(0x000000fecb800000,0x000000fecb900000)]

Other Threads:
=>0x0000028dfcff1000 VMThread "VM Thread" [stack: 0x000000fecb000000,0x000000fecb100000] [id=2524]
  0x0000028df2df8000 GCTaskThread "GC Thread#0" [stack: 0x000000fecab00000,0x000000fecac00000] [id=12876]
  0x0000028dfe152800 GCTaskThread "GC Thread#1" [stack: 0x000000fecb900000,0x000000fecba00000] [id=5260]
  0x0000028df2e22000 ConcurrentGCThread "G1 Main Marker" [stack: 0x000000fecac00000,0x000000fecad00000] [id=12548]
  0x0000028df2e24800 ConcurrentGCThread "G1 Conc#0" [stack: 0x000000fecad00000,0x000000fecae00000] [id=7344]
  0x0000028df2ea1000 ConcurrentGCThread "G1 Refine#0" [stack: 0x000000fecae00000,0x000000fecaf00000] [id=2668]
  0x0000028df2ea2000 ConcurrentGCThread "G1 Young RemSet Sampling" [stack: 0x000000fecaf00000,0x000000fecb000000] [id=2616]

Threads with active compile tasks:
C1 CompilerThread0    191   29       3       java.lang.StringLatin1::indexOf (61 bytes)

VM state:at safepoint (normal execution)

VM Mutex/Monitor currently owned by a thread:  ([mutex/lock_event])
[0x0000028df0dbbd40] Threads_lock - owner thread: 0x0000028dfcff1000
[0x0000028df0dba240] Heap_lock - owner thread: 0x0000028dfd01f800
[0x0000028df0dba990] MethodData_lock - owner thread: 0x0000028dfd01f800

Heap address: 0x0000000090800000, size: 1784 MB, Compressed Oops mode: 32-bit
Narrow klass base: 0x0000000000000000, Narrow klass shift: 3
Compressed class space size: 1073741824 Address: 0x0000000100000000

Heap:
 garbage-first heap   total 114688K, used 352K [0x0000000090800000, 0x0000000100000000)
  region size 1024K, 1 young (1024K), 1 survivors (1024K)
 Metaspace       used 3011K, capacity 3144K, committed 3200K, reserved 1069056K
  class space    used 254K, capacity 384K, committed 384K, reserved 1048576K
Heap Regions: E=young(eden), S=young(survivor), O=old, HS=humongous(starts), HC=humongous(continues), CS=collection set, F=free, A=archive, TAMS=top-at-mark-start (previous, next)
|   0|0x0000000090800000, 0x0000000090800000, 0x0000000090900000|  0%| F|  |TAMS 0x0000000090800000, 0x0000000090800000| Untracked 
|   1|0x0000000090900000, 0x0000000090900000, 0x0000000090a00000|  0%| F|  |TAMS 0x0000000090900000, 0x0000000090900000| Untracked 
|   2|0x0000000090a00000, 0x0000000090a00000, 0x0000000090b00000|  0%| F|  |TAMS 0x0000000090a00000, 0x0000000090a00000| Untracked 
|   3|0x0000000090b00000, 0x0000000090b00000, 0x0000000090c00000|  0%| F|  |TAMS 0x0000000090b00000, 0x0000000090b00000| Untracked 
|   4|0x0000000090c00000, 0x0000000090c00000, 0x0000000090d00000|  0%| F|  |TAMS 0x0000000090c00000, 0x0000000090c00000| Untracked 
|   5|0x0000000090d00000, 0x0000000090d00000, 0x0000000090e00000|  0%| F|  |TAMS 0x0000000090d00000, 0x0000000090d00000| Untracked 
|   6|0x0000000090e00000, 0x0000000090e00000, 0x0000000090f00000|  0%| F|  |TAMS 0x0000000090e00000, 0x0000000090e00000| Untracked 
|   7|0x0000000090f00000, 0x0000000090f00000, 0x0000000091000000|  0%| F|  |TAMS 0x0000000090f00000, 0x0000000090f00000| Untracked 
|   8|0x0000000091000000, 0x0000000091000000, 0x0000000091100000|  0%| F|  |TAMS 0x0000000091000000, 0x0000000091000000| Untracked 
|   9|0x0000000091100000, 0x0000000091100000, 0x0000000091200000|  0%| F|  |TAMS 0x0000000091100000, 0x0000000091100000| Untracked 
|  10|0x0000000091200000, 0x0000000091200000, 0x0000000091300000|  0%| F|  |TAMS 0x0000000091200000, 0x0000000091200000| Untracked 
|  11|0x0000000091300000, 0x0000000091300000, 0x0000000091400000|  0%| F|  |TAMS 0x0000000091300000, 0x0000000091300000| Untracked 
|  12|0x0000000091400000, 0x0000000091400000, 0x0000000091500000|  0%| F|  |TAMS 0x0000000091400000, 0x0000000091400000| Untracked 
|  13|0x0000000091500000, 0x0000000091500000, 0x0000000091600000|  0%| F|  |TAMS 0x0000000091500000, 0x0000000091500000| Untracked 
|  14|0x0000000091600000, 0x0000000091600000, 0x0000000091700000|  0%| F|  |TAMS 0x0000000091600000, 0x0000000091600000| Untracked 
|  15|0x0000000091700000, 0x0000000091700000, 0x0000000091800000|  0%| F|  |TAMS 0x0000000091700000, 0x0000000091700000| Untracked 
|  16|0x0000000091800000, 0x0000000091800000, 0x0000000091900000|  0%| F|  |TAMS 0x0000000091800000, 0x0000000091800000| Untracked 
|  17|0x0000000091900000, 0x0000000091900000, 0x0000000091a00000|  0%| F|  |TAMS 0x0000000091900000, 0x0000000091900000| Untracked 
|  18|0x0000000091a00000, 0x0000000091a00000, 0x0000000091b00000|  0%| F|  |TAMS 0x0000000091a00000, 0x0000000091a00000| Untracked 
|  19|0x0000000091b00000, 0x0000000091b00000, 0x0000000091c00000|  0%| F|  |TAMS 0x0000000091b00000, 0x0000000091b00000| Untracked 
|  20|0x0000000091c00000, 0x0000000091c00000, 0x0000000091d00000|  0%| F|  |TAMS 0x0000000091c00000, 0x0000000091c00000| Untracked 
|  21|0x0000000091d00000, 0x0000000091d00000, 0x0000000091e00000|  0%| F|  |TAMS 0x0000000091d00000, 0x0000000091d00000| Untracked 
|  22|0x0000000091e00000, 0x0000000091e00000, 0x0000000091f00000|  0%| F|  |TAMS 0x0000000091e00000, 0x0000000091e00000| Untracked 
|  23|0x0000000091f00000, 0x0000000091f00000, 0x0000000092000000|  0%| F|  |TAMS 0x0000000091f00000, 0x0000000091f00000| Untracked 
|  24|0x0000000092000000, 0x0000000092000000, 0x0000000092100000|  0%| F|  |TAMS 0x0000000092000000, 0x0000000092000000| Untracked 
|  25|0x0000000092100000, 0x0000000092100000, 0x0000000092200000|  0%| F|  |TAMS 0x0000000092100000, 0x0000000092100000| Untracked 
|  26|0x0000000092200000, 0x0000000092200000, 0x0000000092300000|  0%| F|  |TAMS 0x0000000092200000, 0x0000000092200000| Untracked 
|  27|0x0000000092300000, 0x0000000092300000, 0x0000000092400000|  0%| F|  |TAMS 0x0000000092300000, 0x0000000092300000| Untracked 
|  28|0x0000000092400000, 0x0000000092400000, 0x0000000092500000|  0%| F|  |TAMS 0x0000000092400000, 0x0000000092400000| Untracked 
|  29|0x0000000092500000, 0x0000000092500000, 0x0000000092600000|  0%| F|  |TAMS 0x0000000092500000, 0x0000000092500000| Untracked 
|  30|0x0000000092600000, 0x0000000092600000, 0x0000000092700000|  0%| F|  |TAMS 0x0000000092600000, 0x0000000092600000| Untracked 
|  31|0x0000000092700000, 0x0000000092700000, 0x0000000092800000|  0%| F|  |TAMS 0x0000000092700000, 0x0000000092700000| Untracked 
|  32|0x0000000092800000, 0x0000000092800000, 0x0000000092900000|  0%| F|  |TAMS 0x0000000092800000, 0x0000000092800000| Untracked 
|  33|0x0000000092900000, 0x0000000092900000, 0x0000000092a00000|  0%| F|  |TAMS 0x0000000092900000, 0x0000000092900000| Untracked 
|  34|0x0000000092a00000, 0x0000000092a00000, 0x0000000092b00000|  0%| F|  |TAMS 0x0000000092a00000, 0x0000000092a00000| Untracked 
|  35|0x0000000092b00000, 0x0000000092b00000, 0x0000000092c00000|  0%| F|  |TAMS 0x0000000092b00000, 0x0000000092b00000| Untracked 
|  36|0x0000000092c00000, 0x0000000092c00000, 0x0000000092d00000|  0%| F|  |TAMS 0x0000000092c00000, 0x0000000092c00000| Untracked 
|  37|0x0000000092d00000, 0x0000000092d00000, 0x0000000092e00000|  0%| F|  |TAMS 0x0000000092d00000, 0x0000000092d00000| Untracked 
|  38|0x0000000092e00000, 0x0000000092e00000, 0x0000000092f00000|  0%| F|  |TAMS 0x0000000092e00000, 0x0000000092e00000| Untracked 
|  39|0x0000000092f00000, 0x0000000092f00000, 0x0000000093000000|  0%| F|  |TAMS 0x0000000092f00000, 0x0000000092f00000| Untracked 
|  40|0x0000000093000000, 0x0000000093000000, 0x0000000093100000|  0%| F|  |TAMS 0x0000000093000000, 0x0000000093000000| Untracked 
|  41|0x0000000093100000, 0x0000000093100000, 0x0000000093200000|  0%| F|  |TAMS 0x0000000093100000, 0x0000000093100000| Untracked 
|  42|0x0000000093200000, 0x0000000093200000, 0x0000000093300000|  0%| F|  |TAMS 0x0000000093200000, 0x0000000093200000| Untracked 
|  43|0x0000000093300000, 0x0000000093300000, 0x0000000093400000|  0%| F|  |TAMS 0x0000000093300000, 0x0000000093300000| Untracked 
|  44|0x0000000093400000, 0x0000000093400000, 0x0000000093500000|  0%| F|  |TAMS 0x0000000093400000, 0x0000000093400000| Untracked 
|  45|0x0000000093500000, 0x0000000093500000, 0x0000000093600000|  0%| F|  |TAMS 0x0000000093500000, 0x0000000093500000| Untracked 
|  46|0x0000000093600000, 0x0000000093600000, 0x0000000093700000|  0%| F|  |TAMS 0x0000000093600000, 0x0000000093600000| Untracked 
|  47|0x0000000093700000, 0x0000000093700000, 0x0000000093800000|  0%| F|  |TAMS 0x0000000093700000, 0x0000000093700000| Untracked 
|  48|0x0000000093800000, 0x0000000093800000, 0x0000000093900000|  0%| F|  |TAMS 0x0000000093800000, 0x0000000093800000| Untracked 
|  49|0x0000000093900000, 0x0000000093900000, 0x0000000093a00000|  0%| F|  |TAMS 0x0000000093900000, 0x0000000093900000| Untracked 
|  50|0x0000000093a00000, 0x0000000093a00000, 0x0000000093b00000|  0%| F|  |TAMS 0x0000000093a00000, 0x0000000093a00000| Untracked 
|  51|0x0000000093b00000, 0x0000000093b00000, 0x0000000093c00000|  0%| F|  |TAMS 0x0000000093b00000, 0x0000000093b00000| Untracked 
|  52|0x0000000093c00000, 0x0000000093c00000, 0x0000000093d00000|  0%| F|  |TAMS 0x0000000093c00000, 0x0000000093c00000| Untracked 
|  53|0x0000000093d00000, 0x0000000093d00000, 0x0000000093e00000|  0%| F|  |TAMS 0x0000000093d00000, 0x0000000093d00000| Untracked 
|  54|0x0000000093e00000, 0x0000000093e00000, 0x0000000093f00000|  0%| F|  |TAMS 0x0000000093e00000, 0x0000000093e00000| Untracked 
|  55|0x0000000093f00000, 0x0000000093f00000, 0x0000000094000000|  0%| F|  |TAMS 0x0000000093f00000, 0x0000000093f00000| Untracked 
|  56|0x0000000094000000, 0x0000000094000000, 0x0000000094100000|  0%| F|  |TAMS 0x0000000094000000, 0x0000000094000000| Untracked 
|  57|0x0000000094100000, 0x0000000094100000, 0x0000000094200000|  0%| F|  |TAMS 0x0000000094100000, 0x0000000094100000| Untracked 
|  58|0x0000000094200000, 0x0000000094200000, 0x0000000094300000|  0%| F|  |TAMS 0x0000000094200000, 0x0000000094200000| Untracked 
|  59|0x0000000094300000, 0x0000000094300000, 0x0000000094400000|  0%| F|  |TAMS 0x0000000094300000, 0x0000000094300000| Untracked 
|  60|0x0000000094400000, 0x0000000094400000, 0x0000000094500000|  0%| F|  |TAMS 0x0000000094400000, 0x0000000094400000| Untracked 
|  61|0x0000000094500000, 0x0000000094500000, 0x0000000094600000|  0%| F|  |TAMS 0x0000000094500000, 0x0000000094500000| Untracked 
|  62|0x0000000094600000, 0x0000000094600000, 0x0000000094700000|  0%| F|  |TAMS 0x0000000094600000, 0x0000000094600000| Untracked 
|  63|0x0000000094700000, 0x0000000094700000, 0x0000000094800000|  0%| F|  |TAMS 0x0000000094700000, 0x0000000094700000| Untracked 
|  64|0x0000000094800000, 0x0000000094800000, 0x0000000094900000|  0%| F|  |TAMS 0x0000000094800000, 0x0000000094800000| Untracked 
|  65|0x0000000094900000, 0x0000000094900000, 0x0000000094a00000|  0%| F|  |TAMS 0x0000000094900000, 0x0000000094900000| Untracked 
|  66|0x0000000094a00000, 0x0000000094a00000, 0x0000000094b00000|  0%| F|  |TAMS 0x0000000094a00000, 0x0000000094a00000| Untracked 
|  67|0x0000000094b00000, 0x0000000094b00000, 0x0000000094c00000|  0%| F|  |TAMS 0x0000000094b00000, 0x0000000094b00000| Untracked 
|  68|0x0000000094c00000, 0x0000000094c00000, 0x0000000094d00000|  0%| F|  |TAMS 0x0000000094c00000, 0x0000000094c00000| Untracked 
|  69|0x0000000094d00000, 0x0000000094d00000, 0x0000000094e00000|  0%| F|  |TAMS 0x0000000094d00000, 0x0000000094d00000| Untracked 
|  70|0x0000000094e00000, 0x0000000094e00000, 0x0000000094f00000|  0%| F|  |TAMS 0x0000000094e00000, 0x0000000094e00000| Untracked 
|  71|0x0000000094f00000, 0x0000000094f00000, 0x0000000095000000|  0%| F|  |TAMS 0x0000000094f00000, 0x0000000094f00000| Untracked 
|  72|0x0000000095000000, 0x0000000095000000, 0x0000000095100000|  0%| F|  |TAMS 0x0000000095000000, 0x0000000095000000| Untracked 
|  73|0x0000000095100000, 0x0000000095100000, 0x0000000095200000|  0%| F|  |TAMS 0x0000000095100000, 0x0000000095100000| Untracked 
|  74|0x0000000095200000, 0x0000000095200000, 0x0000000095300000|  0%| F|  |TAMS 0x0000000095200000, 0x0000000095200000| Untracked 
|  75|0x0000000095300000, 0x0000000095300000, 0x0000000095400000|  0%| F|  |TAMS 0x0000000095300000, 0x0000000095300000| Untracked 
|  76|0x0000000095400000, 0x0000000095400000, 0x0000000095500000|  0%| F|  |TAMS 0x0000000095400000, 0x0000000095400000| Untracked 
|  77|0x0000000095500000, 0x0000000095500000, 0x0000000095600000|  0%| F|  |TAMS 0x0000000095500000, 0x0000000095500000| Untracked 
|  78|0x0000000095600000, 0x0000000095600000, 0x0000000095700000|  0%| F|  |TAMS 0x0000000095600000, 0x0000000095600000| Untracked 
|  79|0x0000000095700000, 0x0000000095700000, 0x0000000095800000|  0%| F|  |TAMS 0x0000000095700000, 0x0000000095700000| Untracked 
|  80|0x0000000095800000, 0x0000000095800000, 0x0000000095900000|  0%| F|  |TAMS 0x0000000095800000, 0x0000000095800000| Untracked 
|  81|0x0000000095900000, 0x0000000095900000, 0x0000000095a00000|  0%| F|  |TAMS 0x0000000095900000, 0x0000000095900000| Untracked 
|  82|0x0000000095a00000, 0x0000000095a00000, 0x0000000095b00000|  0%| F|  |TAMS 0x0000000095a00000, 0x0000000095a00000| Untracked 
|  83|0x0000000095b00000, 0x0000000095b00000, 0x0000000095c00000|  0%| F|  |TAMS 0x0000000095b00000, 0x0000000095b00000| Untracked 
|  84|0x0000000095c00000, 0x0000000095c00000, 0x0000000095d00000|  0%| F|  |TAMS 0x0000000095c00000, 0x0000000095c00000| Untracked 
|  85|0x0000000095d00000, 0x0000000095d00000, 0x0000000095e00000|  0%| F|  |TAMS 0x0000000095d00000, 0x0000000095d00000| Untracked 
|  86|0x0000000095e00000, 0x0000000095e00000, 0x0000000095f00000|  0%| F|  |TAMS 0x0000000095e00000, 0x0000000095e00000| Untracked 
|  87|0x0000000095f00000, 0x0000000095f00000, 0x0000000096000000|  0%| F|  |TAMS 0x0000000095f00000, 0x0000000095f00000| Untracked 
|  88|0x0000000096000000, 0x0000000096000000, 0x0000000096100000|  0%| F|  |TAMS 0x0000000096000000, 0x0000000096000000| Untracked 
|  89|0x0000000096100000, 0x0000000096100000, 0x0000000096200000|  0%| F|  |TAMS 0x0000000096100000, 0x0000000096100000| Untracked 
|  90|0x0000000096200000, 0x0000000096200000, 0x0000000096300000|  0%| F|  |TAMS 0x0000000096200000, 0x0000000096200000| Untracked 
|  91|0x0000000096300000, 0x0000000096300000, 0x0000000096400000|  0%| F|  |TAMS 0x0000000096300000, 0x0000000096300000| Untracked 
|  92|0x0000000096400000, 0x0000000096400000, 0x0000000096500000|  0%| F|  |TAMS 0x0000000096400000, 0x0000000096400000| Untracked 
|  93|0x0000000096500000, 0x0000000096500000, 0x0000000096600000|  0%| F|  |TAMS 0x0000000096500000, 0x0000000096500000| Untracked 
|  94|0x0000000096600000, 0x0000000096600000, 0x0000000096700000|  0%| F|  |TAMS 0x0000000096600000, 0x0000000096600000| Untracked 
|  95|0x0000000096700000, 0x0000000096700000, 0x0000000096800000|  0%| F|  |TAMS 0x0000000096700000, 0x0000000096700000| Untracked 
|  96|0x0000000096800000, 0x0000000096800000, 0x0000000096900000|  0%| F|  |TAMS 0x0000000096800000, 0x0000000096800000| Untracked 
|  97|0x0000000096900000, 0x0000000096900000, 0x0000000096a00000|  0%| F|  |TAMS 0x0000000096900000, 0x0000000096900000| Untracked 
|  98|0x0000000096a00000, 0x0000000096a00000, 0x0000000096b00000|  0%| F|  |TAMS 0x0000000096a00000, 0x0000000096a00000| Untracked 
|  99|0x0000000096b00000, 0x0000000096b00000, 0x0000000096c00000|  0%| F|  |TAMS 0x0000000096b00000, 0x0000000096b00000| Untracked 
| 100|0x0000000096c00000, 0x0000000096c00000, 0x0000000096d00000|  0%| F|  |TAMS 0x0000000096c00000, 0x0000000096c00000| Untracked 
| 101|0x0000000096d00000, 0x0000000096d00000, 0x0000000096e00000|  0%| F|  |TAMS 0x0000000096d00000, 0x0000000096d00000| Untracked 
| 102|0x0000000096e00000, 0x0000000096e00000, 0x0000000096f00000|  0%| F|  |TAMS 0x0000000096e00000, 0x0000000096e00000| Untracked 
| 103|0x0000000096f00000, 0x0000000096f00000, 0x0000000097000000|  0%| F|  |TAMS 0x0000000096f00000, 0x0000000096f00000| Untracked 
| 104|0x0000000097000000, 0x0000000097000000, 0x0000000097100000|  0%| F|  |TAMS 0x0000000097000000, 0x0000000097000000| Untracked 
| 105|0x0000000097100000, 0x0000000097100000, 0x0000000097200000|  0%| F|  |TAMS 0x0000000097100000, 0x0000000097100000| Untracked 
| 106|0x0000000097200000, 0x0000000097200000, 0x0000000097300000|  0%| F|  |TAMS 0x0000000097200000, 0x0000000097200000| Untracked 
| 107|0x0000000097300000, 0x0000000097300000, 0x0000000097400000|  0%| F|  |TAMS 0x0000000097300000, 0x0000000097300000| Untracked 
| 108|0x0000000097400000, 0x0000000097400000, 0x0000000097500000|  0%| F|  |TAMS 0x0000000097400000, 0x0000000097400000| Untracked 
| 109|0x0000000097500000, 0x0000000097500000, 0x0000000097600000|  0%| F|  |TAMS 0x0000000097500000, 0x0000000097500000| Untracked 
| 110|0x0000000097600000, 0x0000000097658030, 0x0000000097700000| 34%| S|CS|TAMS 0x0000000097600000, 0x0000000097600000| Complete 
| 111|0x0000000097700000, 0x0000000097700000, 0x0000000097800000|  0%| F|  |TAMS 0x0000000097700000, 0x0000000097700000| Untracked 

Card table byte_map: [0x0000028df6c40000,0x0000028df6fc0000] _byte_map_base: 0x0000028df67bc000

Marking Bits (Prev, Next): (CMBitMap*) 0x0000028df2e1a578, (CMBitMap*) 0x0000028df2e1a5b0
 Prev Bits: [0x0000028df7340000, 0x0000028df8f20000)
 Next Bits: [0x0000028df8f20000, 0x0000028dfab00000)

Polling page: 0x0000028df0f70000

Metaspace:

Usage:
  Non-class:      2.70 MB capacity,     2.69 MB (>99%) used,   176 bytes ( <1%) free+waste,     2.81 KB ( <1%) overhead. 
      Class:    384.00 KB capacity,   254.22 KB ( 66%) used,   129.72 KB ( 34%) free+waste,    64 bytes ( <1%) overhead. 
       Both:      3.07 MB capacity,     2.94 MB ( 96%) used,   129.89 KB (  4%) free+waste,     2.88 KB ( <1%) overhead. 

Virtual space:
  Non-class space:       20.00 MB reserved,       2.75 MB ( 14%) committed 
      Class space:        1.00 GB reserved,     384.00 KB ( <1%) committed 
             Both:        1.02 GB reserved,       3.13 MB ( <1%) committed 

Chunk freelists:
   Non-Class:  56.00 KB
       Class:  0 bytes
        Both:  56.00 KB

MaxMetaspaceSize: 17179869184.00 GB
CompressedClassSpaceSize: 1.00 GB

CodeHeap 'non-profiled nmethods': size=120064Kb used=3Kb max_used=3Kb free=120060Kb
 bounds [0x0000028d87ac0000, 0x0000028d87d30000, 0x0000028d8f000000]
CodeHeap 'profiled nmethods': size=120000Kb used=31Kb max_used=31Kb free=119968Kb
 bounds [0x0000028d80590000, 0x0000028d80800000, 0x0000028d87ac0000]
CodeHeap 'non-nmethods': size=5696Kb used=982Kb max_used=988Kb free=4713Kb
 bounds [0x0000028d80000000, 0x0000028d80270000, 0x0000028d80590000]
 total_blobs=262 nmethods=28 adapters=147
 compilation: enabled
              stopped_count=0, restarted_count=0
 full_count=0

Compilation events (20 events):
Event: 0.150 Thread 0x0000028dfd01f800   20       3       java.lang.module.ModuleDescriptor$Exports::hashCode (38 bytes)
Event: 0.150 Thread 0x0000028dfd01f800 nmethod 20 0x0000028d80595c90 code [0x0000028d80595e60, 0x0000028d80596148]
Event: 0.151 Thread 0x0000028dfd01f800   21       3       java.util.AbstractCollection::<init> (5 bytes)
Event: 0.151 Thread 0x0000028dfd01f800 nmethod 21 0x0000028d80596290 code [0x0000028d80596440, 0x0000028d80596598]
Event: 0.151 Thread 0x0000028dfd01f800   22       3       java.util.ImmutableCollections$AbstractImmutableCollection::<init> (5 bytes)
Event: 0.151 Thread 0x0000028dfd01f800 nmethod 22 0x0000028d80596690 code [0x0000028d80596840, 0x0000028d805969f8]
Event: 0.152 Thread 0x0000028dfd01f800   23       3       java.util.ImmutableCollections$AbstractImmutableSet::<init> (5 bytes)
Event: 0.152 Thread 0x0000028dfd01f800 nmethod 23 0x0000028d80596b10 code [0x0000028d80596ce0, 0x0000028d80596ef8]
Event: 0.155 Thread 0x0000028dfd01b800 nmethod 19 0x0000028d87ac0010 code [0x0000028d87ac01a0, 0x0000028d87ac02f8]
Event: 0.155 Thread 0x0000028dfd01b800   24       4       java.lang.Object::<init> (1 bytes)
Event: 0.156 Thread 0x0000028dfd01b800 nmethod 24 0x0000028d87ac0410 code [0x0000028d87ac05a0, 0x0000028d87ac05f8]
Event: 0.156 Thread 0x0000028dfd01f800   25       1       java.lang.module.ModuleDescriptor::name (5 bytes)
Event: 0.156 Thread 0x0000028dfd01f800 nmethod 25 0x0000028d87ac0690 code [0x0000028d87ac0840, 0x0000028d87ac08f8]
Event: 0.156 Thread 0x0000028dfd01f800   26       3       java.lang.String::charAt (25 bytes)
Event: 0.157 Thread 0x0000028dfd01f800 nmethod 26 0x0000028d80597010 code [0x0000028d80597220, 0x0000028d80597738]
Event: 0.157 Thread 0x0000028dfd01f800   27       3       java.lang.StringLatin1::charAt (28 bytes)
Event: 0.158 Thread 0x0000028dfd01f800 nmethod 27 0x0000028d80597990 code [0x0000028d80597b60, 0x0000028d80597d48]
Event: 0.158 Thread 0x0000028dfd01f800   28       1       java.lang.module.ModuleReference::descriptor (5 bytes)
Event: 0.158 Thread 0x0000028dfd01f800 nmethod 28 0x0000028d87ac0990 code [0x0000028d87ac0b40, 0x0000028d87ac0bf8]
Event: 0.169 Thread 0x0000028dfd01f800   29       3       java.lang.StringLatin1::indexOf (61 bytes)

GC Heap History (2 events):
Event: 0.170 GC heap before
{Heap before GC invocations=0 (full 0):
 garbage-first heap   total 114688K, used 0K [0x0000000090800000, 0x0000000100000000)
  region size 1024K, 1 young (1024K), 0 survivors (0K)
 Metaspace       used 3011K, capacity 3144K, committed 3200K, reserved 1067008K
  class space    used 254K, capacity 384K, committed 384K, reserved 1048576K
}
Event: 0.173 GC heap after
{Heap after GC invocations=1 (full 0):
 garbage-first heap   total 114688K, used 352K [0x0000000090800000, 0x0000000100000000)
  region size 1024K, 1 young (1024K), 1 survivors (1024K)
 Metaspace       used 3011K, capacity 3144K, committed 3200K, reserved 1067008K
  class space    used 254K, capacity 384K, committed 384K, reserved 1048576K
}

Deoptimization events (0 events):
No events

Classes redefined (0 events):
No events

Internal exceptions (0 events):
No events

Events (20 events):
Event: 0.163 loading class java/net/URLStreamHandlerFactory
Event: 0.163 loading class java/net/URLStreamHandlerFactory done
Event: 0.163 loading class java/net/URL$DefaultFactory done
Event: 0.163 loading class java/net/URL$3
Event: 0.163 loading class jdk/internal/misc/JavaNetURLAccess
Event: 0.163 loading class jdk/internal/misc/JavaNetURLAccess done
Event: 0.163 loading class java/net/URL$3 done
Event: 0.163 loading class java/io/File$PathStatus
Event: 0.164 loading class java/io/File$PathStatus done
Event: 0.165 loading class java/io/ExpiringCache$Entry
Event: 0.165 loading class java/io/ExpiringCache$Entry done
Event: 0.166 loading class sun/net/www/ParseUtil
Event: 0.166 loading class sun/net/www/ParseUtil done
Event: 0.167 loading class sun/net/www/protocol/file/Handler
Event: 0.167 loading class java/net/URLStreamHandler
Event: 0.167 loading class java/net/URLStreamHandler done
Event: 0.167 loading class sun/net/www/protocol/file/Handler done
Event: 0.167 loading class sun/net/util/IPAddressUtil
Event: 0.168 loading class sun/net/util/IPAddressUtil done
Event: 0.170 Executing VM operation: CollectForMetadataAllocation


Dynamic libraries:
0x00007ff7ec1e0000 - 0x00007ff7ec1ea000 	C:\Program Files\Android\Android Studio\jre\bin\java.exe
0x00007ffaf3d80000 - 0x00007ffaf3f70000 	C:\WINDOWS\SYSTEM32\ntdll.dll
0x00007ffaf3630000 - 0x00007ffaf36e2000 	C:\WINDOWS\System32\KERNEL32.DLL
0x00007ffaf0f30000 - 0x00007ffaf11d5000 	C:\WINDOWS\System32\KERNELBASE.dll
0x00007ffaf1d30000 - 0x00007ffaf1e2a000 	C:\WINDOWS\System32\ucrtbase.dll
0x00007ffadf320000 - 0x00007ffadf339000 	C:\Program Files\Android\Android Studio\jre\bin\jli.dll
0x00007ffad80e0000 - 0x00007ffad80f7000 	C:\Program Files\Android\Android Studio\jre\bin\VCRUNTIME140.dll
0x00007ffaf3840000 - 0x00007ffaf39d4000 	C:\WINDOWS\System32\USER32.dll
0x00007ffaf0f00000 - 0x00007ffaf0f21000 	C:\WINDOWS\System32\win32u.dll
0x00007ffae1ee0000 - 0x00007ffae2164000 	C:\WINDOWS\WinSxS\amd64_microsoft.windows.common-controls_6595b64144ccf1df_6.0.18362.1556_none_9e7e372fe45e41d5\COMCTL32.dll
0x00007ffaf2080000 - 0x00007ffaf20a6000 	C:\WINDOWS\System32\GDI32.dll
0x00007ffaf3a50000 - 0x00007ffaf3aee000 	C:\WINDOWS\System32\msvcrt.dll
0x00007ffaf0d60000 - 0x00007ffaf0ef8000 	C:\WINDOWS\System32\gdi32full.dll
0x00007ffaf3000000 - 0x00007ffaf3336000 	C:\WINDOWS\System32\combase.dll
0x00007ffaf11e0000 - 0x00007ffaf127e000 	C:\WINDOWS\System32\msvcp_win.dll
0x00007ffaf1e30000 - 0x00007ffaf1f4f000 	C:\WINDOWS\System32\RPCRT4.dll
0x00007ffaf12e0000 - 0x00007ffaf1361000 	C:\WINDOWS\System32\bcryptPrimitives.dll
0x00007ffaf3d10000 - 0x00007ffaf3d3e000 	C:\WINDOWS\System32\IMM32.DLL
0x00007ffac6430000 - 0x00007ffac64cd000 	C:\Program Files\Android\Android Studio\jre\bin\msvcp140.dll
0x00007ffaa70e0000 - 0x00007ffaa7baf000 	C:\Program Files\Android\Android Studio\jre\bin\server\jvm.dll
0x00007ffaf3360000 - 0x00007ffaf3403000 	C:\WINDOWS\System32\ADVAPI32.dll
0x00007ffaf37a0000 - 0x00007ffaf3837000 	C:\WINDOWS\System32\sechost.dll
0x00007ffaf2dc0000 - 0x00007ffaf2dc8000 	C:\WINDOWS\System32\PSAPI.DLL
0x00007ffae9020000 - 0x00007ffae902a000 	C:\WINDOWS\SYSTEM32\VERSION.dll
0x00007ffaee730000 - 0x00007ffaee754000 	C:\WINDOWS\SYSTEM32\WINMM.dll
0x00007ffaecf60000 - 0x00007ffaecf69000 	C:\WINDOWS\SYSTEM32\WSOCK32.dll
0x00007ffaee600000 - 0x00007ffaee62d000 	C:\WINDOWS\SYSTEM32\WINMMBASE.dll
0x00007ffaf3af0000 - 0x00007ffaf3b5f000 	C:\WINDOWS\System32\WS2_32.dll
0x00007ffaf0d10000 - 0x00007ffaf0d5a000 	C:\WINDOWS\System32\cfgmgr32.dll
0x00007ffaf0c40000 - 0x00007ffaf0c51000 	C:\WINDOWS\System32\kernel.appcore.dll
0x00007ffaeb2f0000 - 0x00007ffaeb301000 	C:\Program Files\Android\Android Studio\jre\bin\verify.dll
0x00007ffaef620000 - 0x00007ffaef814000 	C:\WINDOWS\SYSTEM32\DBGHELP.DLL
0x00007ffae3620000 - 0x00007ffae364a000 	C:\WINDOWS\SYSTEM32\dbgcore.DLL
0x00007ffadfa60000 - 0x00007ffadfa89000 	C:\Program Files\Android\Android Studio\jre\bin\java.dll
0x00007ffaebee0000 - 0x00007ffaebeeb000 	C:\Program Files\Android\Android Studio\jre\bin\jimage.dll
0x00007ffae94f0000 - 0x00007ffae9508000 	C:\Program Files\Android\Android Studio\jre\bin\zip.dll
0x00007ffaf20b0000 - 0x00007ffaf2797000 	C:\WINDOWS\System32\SHELL32.dll
0x00007ffaf1f50000 - 0x00007ffaf1ff8000 	C:\WINDOWS\System32\shcore.dll
0x00007ffaf1420000 - 0x00007ffaf1b9b000 	C:\WINDOWS\System32\windows.storage.dll
0x00007ffaf0cd0000 - 0x00007ffaf0cee000 	C:\WINDOWS\System32\profapi.dll
0x00007ffaf0c80000 - 0x00007ffaf0cca000 	C:\WINDOWS\System32\powrprof.dll
0x00007ffaf0c30000 - 0x00007ffaf0c40000 	C:\WINDOWS\System32\UMPDC.dll
0x00007ffaf35d0000 - 0x00007ffaf3622000 	C:\WINDOWS\System32\shlwapi.dll
0x00007ffaf0cf0000 - 0x00007ffaf0d07000 	C:\WINDOWS\System32\cryptsp.dll

dbghelp: loaded successfully - version: 4.0.5 - missing functions: none
symbol engine: initialized successfully - sym options: 0x614 - pdb path: .;C:\Program Files\Android\Android Studio\jre\bin;C:\WINDOWS\SYSTEM32;C:\WINDOWS\WinSxS\amd64_microsoft.windows.common-controls_6595b64144ccf1df_6.0.18362.1556_none_9e7e372fe45e41d5;C:\Program Files\Android\Android Studio\jre\bin\server

VM Arguments:
java_command: org.jetbrains.kotlin.cli.jvm.K2JVMCompiler @F:\SkuciSe\DodajOglas\SkuciSe\app\build\20211105_9634337020717357931.compiler.options
java_class_path (initial): C:\Users\Ana\.gradle\caches\modules-2\files-2.1\org.jetbrains.kotlin\kotlin-compiler-embeddable\1.5.31\cc18c29253541dc57c25c3ef514d63c7953ae1a6\kotlin-compiler-embeddable-1.5.31.jar;C:\Users\Ana\.gradle\caches\modules-2\files-2.1\org.jetbrains.kotlin\kotlin-reflect\1.5.31\1523fcd842a47da0820cea772b19c51056fec8a9\kotlin-reflect-1.5.31.jar;C:\Users\Ana\.gradle\caches\modules-2\files-2.1\org.jetbrains.kotlin\kotlin-stdlib\1.5.31\6628d61d0f5603568e72d2d5915d2c034b4f1c55\kotlin-stdlib-1.5.31.jar;C:\Users\Ana\.gradle\caches\modules-2\files-2.1\org.jetbrains.kotlin\kotlin-script-runtime\1.5.31\aaea854be2cfc06373dfc11be5a6ba9ca5ca84a6\kotlin-script-runtime-1.5.31.jar;C:\Users\Ana\.gradle\caches\modules-2\files-2.1\org.jetbrains.kotlin\kotlin-daemon-embeddable\1.5.31\d19b549661e28c62781683dc7c7e34bf416974f1\kotlin-daemon-embeddable-1.5.31.jar;C:\Users\Ana\.gradle\caches\modules-2\files-2.1\org.jetbrains.intellij.deps\trove4j\1.0.20181211\216c2e14b070f334479d800987affe4054cd563f\trove4j-1.0.20181211.jar;C:\Users\Ana\.gradle\caches\modules-2\files-2.1\org.jetbrains\annotations\13.0\919f0dfe192fb4e063e7dacadee7f8bb9a2672a9\annotations-13.0.jar;C:\Users\Ana\.gradle\caches\modules-2\files-2.1\org.jetbrains.kotlin\kotlin-stdlib-common\1.5.31\43331609c7de811fed085e0dfd150874b157c32\kotlin-stdlib-common-1.5.31.jar
Launcher Type: SUN_STANDARD

[Global flags]
     intx CICompilerCount                          = 3                                         {product} {ergonomic}
     uint ConcGCThreads                            = 1                                         {product} {ergonomic}
     uint G1ConcRefinementThreads                  = 4                                         {product} {ergonomic}
   size_t G1HeapRegionSize                         = 1048576                                   {product} {ergonomic}
    uintx GCDrainStackTargetSize                   = 64                                        {product} {ergonomic}
   size_t InitialHeapSize                          = 117440512                                 {product} {ergonomic}
   size_t MarkStackSize                            = 4194304                                   {product} {ergonomic}
   size_t MaxHeapSize                              = 1870659584                                {product} {ergonomic}
   size_t MaxNewSize                               = 1121976320                                {product} {ergonomic}
   size_t MinHeapDeltaBytes                        = 1048576                                   {product} {ergonomic}
    uintx NonNMethodCodeHeapSize                   = 5830732                                {pd product} {ergonomic}
    uintx NonProfiledCodeHeapSize                  = 122913754                              {pd product} {ergonomic}
    uintx ProfiledCodeHeapSize                     = 122913754                              {pd product} {ergonomic}
    uintx ReservedCodeCacheSize                    = 251658240                              {pd product} {ergonomic}
     bool SegmentedCodeCache                       = true                                      {product} {ergonomic}
     bool UseCompressedClassPointers               = true                                 {lp64_product} {ergonomic}
     bool UseCompressedOops                        = true                                 {lp64_product} {ergonomic}
     bool UseG1GC                                  = true                                      {product} {ergonomic}
     bool UseLargePagesIndividualAllocation        = false                                  {pd product} {ergonomic}

Logging:
Log output configuration:
 #0: stdout all=warning uptime,level,tags
 #1: stderr all=off uptime,level,tags

Environment Variables:
PATH=C:\Program Files (x86)\MiKTeX 2.9\miktex\bin;C:\Program Files (x86)\Common Files\Oracle\Java\javapath;C:\WINDOWS\system32;C:\WINDOWS;C:\WINDOWS\System32\Wbem;C:\WINDOWS\System32\WindowsPowerShell\v1.0\;C:\WINDOWS\System32\OpenSSH\;C:\Users\Ana\AppData\Local\Programs\Python\Python37-32;C:\Program Files\Microsoft SQL Server\Client SDK\ODBC\110\Tools\Binn\;C:\Program Files\Microsoft SQL Server\Client SDK\ODBC\170\Tools\Binn\;C:\Program Files\Azure Data Studio\bin;C:\Program Files\dotnet\;C:\Program Files (x86)\dotnet\;C:\Program Files\Git\cmd;C:\Program Files (x86)\Microsoft SQL Server\Client SDK\ODBC\110\Tools\Binn\;C:\Program Files (x86)\Microsoft SQL Server\120\Tools\Binn\ManagementStudio\;C:\Program Files (x86)\Microsoft SQL Server\120\Tools\Binn\;C:\Program Files (x86)\Microsoft SQL Server\120\DTS\Binn\;C:\Program Files\Microsoft SQL Server\120\Tools\Binn\;C:\Program Files\Microsoft SQL Server\120\DTS\Binn\;C:\Users\Ana\AppData\Local\Microsoft\WindowsApps;;C:\Program Files\Azure Data Studio\bin;C:\Users\Ana\.dotnet\tools
USERNAME=Ana
OS=Windows_NT
PROCESSOR_IDENTIFIER=AMD64 Family 22 Model 48 Stepping 1, AuthenticAMD



---------------  S Y S T E M  ---------------

OS: Windows 10 , 64 bit Build 18362 (10.0.18362.1500)
OS uptime: 0 days 22:10 hours

CPU:total 4 (initial active 4) (4 cores per cpu, 1 threads per core) family 22 model 48 stepping 1 microcode 0x0, cmov, cx8, fxsr, mmx, sse, sse2, sse3, ssse3, sse4.1, sse4.2, popcnt, avx, aes, clmul, mmxext, 3dnowpref, lzcnt, sse4a, tsc, tscinvbit, tscinv, bmi1

Memory: 4k page, system-wide physical 7135M (364M free)
TotalPageFile size 10806M (AvailPageFile size 5M)
current process WorkingSet (physical memory assigned to process): 29M, peak: 29M
current process commit charge ("private bytes"): 175M, peak: 176M

vm_info: OpenJDK 64-Bit Server VM (11.0.10+0-b96-7249189) for windows-amd64 JRE (11.0.10+0-b96-7249189), built on Mar 31 2021 21:44:00 by "builder" with MS VC++ 14.0 (VS2015)

END.
